21:53:23.285 [main] INFO  n.components.School - [<init>] - Generando el centro educativo: IES Hermanos Machado
21:53:24.657 [main] INFO  n.components.School - [<init>] - Generando el centro educativo: IES Alixar
21:53:26.238 [main] INFO  n.components.School - [<init>] - Generando el centro educativo: Pablo Picasso
21:53:27.736 [main] INFO  n.components.School - [<init>] - Generando el centro educativo: Vedruna
21:53:29.201 [main] INFO  n.components.School - [<init>] - Generando el centro educativo: Cesur
21:53:30.654 [main] INFO  n.components.School - [<init>] - Generando el centro educativo: Cesur
21:53:34.158 [main] INFO  n.components.School - [<init>] - Generando el centro educativo: IES Hermanos Machado
21:53:37.611 [main] INFO  n.components.School - [<init>] - Generando el centro educativo: IES Hermanos Machado
21:53:41.015 [main] INFO  n.components.School - [<init>] - Generando el centro educativo: IES Hermanos Machado
21:53:44.470 [main] INFO  n.components.School - [<init>] - Generando el centro educativo: IES Hermanos Machado
21:53:47.874 [main] INFO  n.components.School - [<init>] - Generando el centro educativo: IES Hermanos Machado
21:53:51.047 [main] INFO  n.components.School - [<init>] - Generando el centro educativo: Cesur
21:53:54.294 [main] INFO  n.components.School - [<init>] - Generando el centro educativo: Cesur
21:53:57.763 [main] INFO  n.components.School - [<init>] - Generando el centro educativo: IES Hermanos Machado
21:54:01.032 [main] INFO  n.components.School - [<init>] - Generando el centro educativo: Pablo Picasso
21:54:04.362 [main] INFO  n.components.School - [<init>] - Generando el centro educativo: Pablo Picasso
21:54:07.550 [main] INFO  n.components.School - [<init>] - Generando el centro educativo: Vedruna
21:54:10.686 [main] INFO  n.components.School - [<init>] - Generando el centro educativo: Vedruna
21:54:14.049 [main] INFO  n.components.School - [<init>] - Generando el centro educativo: IES Hermanos Machado
21:54:17.298 [main] INFO  n.components.School - [<init>] - Generando el centro educativo: Cesur
21:54:20.782 [main] INFO  n.components.School - [<init>] - Generando el centro educativo: IES Hermanos Machado
21:55:26.229 [main] INFO  n.components.School - [<init>] - Generando el centro educativo: IES Hermanos Machado
21:55:27.609 [main] INFO  n.components.School - [<init>] - Generando el centro educativo: IES Alixar
21:55:29.186 [main] INFO  n.components.School - [<init>] - Generando el centro educativo: Pablo Picasso
21:55:30.687 [main] INFO  n.components.School - [<init>] - Generando el centro educativo: Vedruna
21:55:32.158 [main] INFO  n.components.School - [<init>] - Generando el centro educativo: Cesur
21:55:33.612 [main] INFO  n.components.School - [<init>] - Generando el centro educativo: Cesur
21:55:37.112 [main] INFO  n.components.School - [<init>] - Generando el centro educativo: IES Hermanos Machado
21:55:40.563 [main] INFO  n.components.School - [<init>] - Generando el centro educativo: IES Hermanos Machado
21:55:43.970 [main] INFO  n.components.School - [<init>] - Generando el centro educativo: IES Hermanos Machado
21:55:47.424 [main] INFO  n.components.School - [<init>] - Generando el centro educativo: IES Hermanos Machado
21:55:50.829 [main] INFO  n.components.School - [<init>] - Generando el centro educativo: IES Hermanos Machado
21:55:54.001 [main] INFO  n.components.School - [<init>] - Generando el centro educativo: Cesur
21:55:57.251 [main] INFO  n.components.School - [<init>] - Generando el centro educativo: Cesur
21:56:00.718 [main] INFO  n.components.School - [<init>] - Generando el centro educativo: IES Hermanos Machado
21:56:03.984 [main] INFO  n.components.School - [<init>] - Generando el centro educativo: Pablo Picasso
21:56:07.310 [main] INFO  n.components.School - [<init>] - Generando el centro educativo: Pablo Picasso
21:56:10.501 [main] INFO  n.components.School - [<init>] - Generando el centro educativo: Vedruna
21:56:13.644 [main] INFO  n.components.School - [<init>] - Generando el centro educativo: Vedruna
21:56:17.005 [main] INFO  n.components.School - [<init>] - Generando el centro educativo: IES Hermanos Machado
21:56:20.248 [main] INFO  n.components.School - [<init>] - Generando el centro educativo: Cesur
21:56:23.734 [main] INFO  n.components.School - [<init>] - Generando el centro educativo: IES Hermanos Machado
21:58:59.878 [main] INFO  n.components.School - [<init>] - Generando el centro educativo: IES Hermanos Machado
21:59:01.267 [main] INFO  n.components.School - [<init>] - Generando el centro educativo: IES Alixar
21:59:02.846 [main] INFO  n.components.School - [<init>] - Generando el centro educativo: Pablo Picasso
21:59:04.344 [main] INFO  n.components.School - [<init>] - Generando el centro educativo: Vedruna
21:59:05.814 [main] INFO  n.components.School - [<init>] - Generando el centro educativo: Cesur
21:59:07.264 [main] INFO  n.components.School - [<init>] - Generando el centro educativo: Cesur
21:59:10.764 [main] INFO  n.components.School - [<init>] - Generando el centro educativo: IES Hermanos Machado
21:59:14.221 [main] INFO  n.components.School - [<init>] - Generando el centro educativo: IES Hermanos Machado
21:59:17.628 [main] INFO  n.components.School - [<init>] - Generando el centro educativo: IES Hermanos Machado
21:59:21.079 [main] INFO  n.components.School - [<init>] - Generando el centro educativo: IES Hermanos Machado
21:59:24.485 [main] INFO  n.components.School - [<init>] - Generando el centro educativo: IES Hermanos Machado
21:59:27.658 [main] INFO  n.components.School - [<init>] - Generando el centro educativo: Cesur
21:59:30.906 [main] INFO  n.components.School - [<init>] - Generando el centro educativo: Cesur
21:59:34.141 [main] INFO  n.components.School - [<init>] - Generando el centro educativo: Cesur
21:59:37.410 [main] INFO  n.components.School - [<init>] - Generando el centro educativo: Pablo Picasso
21:59:40.735 [main] INFO  n.components.School - [<init>] - Generando el centro educativo: Pablo Picasso
21:59:43.920 [main] INFO  n.components.School - [<init>] - Generando el centro educativo: Vedruna
21:59:47.064 [main] INFO  n.components.School - [<init>] - Generando el centro educativo: Vedruna
21:59:50.424 [main] INFO  n.components.School - [<init>] - Generando el centro educativo: IES Hermanos Machado
21:59:53.676 [main] INFO  n.components.School - [<init>] - Generando el centro educativo: Cesur
21:59:57.157 [main] INFO  n.components.School - [<init>] - Generando el centro educativo: IES Hermanos Machado
22:01:14.295 [main] INFO  n.components.School - [<init>] - Generando el centro educativo: IES Hermanos Machado
22:01:15.691 [main] INFO  n.components.School - [<init>] - Generando el centro educativo: IES Alixar
22:01:17.266 [main] INFO  n.components.School - [<init>] - Generando el centro educativo: Pablo Picasso
22:01:18.766 [main] INFO  n.components.School - [<init>] - Generando el centro educativo: Vedruna
22:01:20.236 [main] INFO  n.components.School - [<init>] - Generando el centro educativo: Cesur
22:01:21.685 [main] INFO  n.components.School - [<init>] - Generando el centro educativo: Cesur
22:01:25.194 [main] INFO  n.components.School - [<init>] - Generando el centro educativo: IES Hermanos Machado
22:01:28.640 [main] INFO  n.components.School - [<init>] - Generando el centro educativo: IES Hermanos Machado
22:01:32.050 [main] INFO  n.components.School - [<init>] - Generando el centro educativo: IES Hermanos Machado
22:01:35.500 [main] INFO  n.components.School - [<init>] - Generando el centro educativo: IES Hermanos Machado
22:01:38.909 [main] INFO  n.components.School - [<init>] - Generando el centro educativo: IES Hermanos Machado
22:01:42.082 [main] INFO  n.components.School - [<init>] - Generando el centro educativo: Cesur
22:01:45.331 [main] INFO  n.components.School - [<init>] - Generando el centro educativo: Cesur
22:01:48.565 [main] INFO  n.components.School - [<init>] - Generando el centro educativo: Cesur
22:01:51.826 [main] INFO  n.components.School - [<init>] - Generando el centro educativo: Pablo Picasso
22:01:55.159 [main] INFO  n.components.School - [<init>] - Generando el centro educativo: Pablo Picasso
22:01:58.341 [main] INFO  n.components.School - [<init>] - Generando el centro educativo: Vedruna
22:02:01.491 [main] INFO  n.components.School - [<init>] - Generando el centro educativo: Vedruna
22:02:04.841 [main] INFO  n.components.School - [<init>] - Generando el centro educativo: IES Hermanos Machado
22:02:08.093 [main] INFO  n.components.School - [<init>] - Generando el centro educativo: Cesur
22:02:11.580 [main] INFO  n.components.School - [<init>] - Generando el centro educativo: IES Hermanos Machado
22:03:34.879 [main] INFO  n.components.School - [<init>] - Generando el centro educativo: Pablo picasso
22:05:54.188 [main] INFO  n.components.School - [<init>] - Generando el centro educativo: pablo picasso 
22:06:56.382 [main] INFO  n.components.School - [<init>] - Generando el centro educativo: Pablo Picasso
22:08:02.243 [main] INFO  n.components.School - [<init>] - Generando el centro educativo: ies hermanos machado
22:08:13.169 [main] INFO  n.components.School - [<init>] - Generando el centro educativo: pablo picasso
22:08:45.368 [main] INFO  n.components.School - [<init>] - Generando el centro educativo: pablo picasso 
22:10:13.184 [main] INFO  n.components.School - [<init>] - Generando el centro educativo: IES Hermanos Machado
22:10:14.577 [main] INFO  n.components.School - [<init>] - Generando el centro educativo: IES Alixar
22:10:16.160 [main] INFO  n.components.School - [<init>] - Generando el centro educativo: Pablo Picasso
22:10:17.656 [main] INFO  n.components.School - [<init>] - Generando el centro educativo: Vedruna
22:10:19.129 [main] INFO  n.components.School - [<init>] - Generando el centro educativo: Cesur
22:10:20.578 [main] INFO  n.components.School - [<init>] - Generando el centro educativo: Cesur
22:10:24.079 [main] INFO  n.components.School - [<init>] - Generando el centro educativo: IES Hermanos Machado
22:10:27.530 [main] INFO  n.components.School - [<init>] - Generando el centro educativo: IES Hermanos Machado
22:10:30.939 [main] INFO  n.components.School - [<init>] - Generando el centro educativo: IES Hermanos Machado
22:10:34.393 [main] INFO  n.components.School - [<init>] - Generando el centro educativo: IES Hermanos Machado
22:10:37.794 [main] INFO  n.components.School - [<init>] - Generando el centro educativo: IES Hermanos Machado
22:10:40.965 [main] INFO  n.components.School - [<init>] - Generando el centro educativo: Cesur
22:10:44.220 [main] INFO  n.components.School - [<init>] - Generando el centro educativo: Cesur
22:10:47.455 [main] INFO  n.components.School - [<init>] - Generando el centro educativo: Cesur
22:10:50.723 [main] INFO  n.components.School - [<init>] - Generando el centro educativo: Pablo Picasso
22:10:54.052 [main] INFO  n.components.School - [<init>] - Generando el centro educativo: Pablo Picasso
22:10:57.236 [main] INFO  n.components.School - [<init>] - Generando el centro educativo: Vedruna
22:11:00.378 [main] INFO  n.components.School - [<init>] - Generando el centro educativo: Vedruna
22:11:03.733 [main] INFO  n.components.School - [<init>] - Generando el centro educativo: IES Hermanos Machado
22:11:06.989 [main] INFO  n.components.School - [<init>] - Generando el centro educativo: Cesur
22:11:10.467 [main] INFO  n.components.School - [<init>] - Generando el centro educativo: IES Hermanos Machado
22:11:23.867 [main] INFO  n.components.School - [<init>] - Generando el centro educativo: ies hermanos machado
22:11:40.465 [main] INFO  n.components.School - [<init>] - Generando el centro educativo: pablo picasso
